android/build/intermediates/proguard-rules/release/aapt_rules.txt
# Referenced at merged_manifests/release/AndroidManifest.xml:18
-keep class com.bellone.game.AndroidLauncher { <init>(); }