android/build/outputs/mapping/release/mapping.txt
# compiler: R8
# compiler_version: 1.5.69
# min_api: 14
# pg_map_id: 80ae718
com.bellone.game.Casella -> com.bellone.game.a:
    boolean scacco -> m
    boolean evidenzia -> i
    boolean arroccoDx -> j
    boolean arroccoSx -> k
    boolean scaccoAlRe -> l
    int codPezzoSopra -> e
    int x -> b
    int y -> c
    int numCasella -> a
    int[] color -> d
    int[] casellaNeraColor -> n
    int[] casellaBiancaColor -> o
    boolean pezzo_bianco -> f
    boolean mosse -> g
    boolean mossaMangia -> h
    int WIDTH_PED -> p
    int WIDTH_CASELLA -> q
    void disegna(com.badlogic.gdx.graphics.glutils.ShapeRenderer,com.badlogic.gdx.graphics.g2d.SpriteBatch) -> a
    void disegnaPedina(com.badlogic.gdx.graphics.g2d.SpriteBatch,com.badlogic.gdx.graphics.Texture) -> a
    boolean mostraMossa(boolean) -> a
    void rimuoviMossa() -> a
    int getCenterX() -> b
    int getCenterY() -> c
com.bellone.game.Impostazioni -> com.bellone.game.b:
    int WIDTH_SCRITTE -> n
    int X_BACK -> l
    int WIDTH_TURN_BACK -> j
    int WIDTH_DIS_ATTIVO2 -> G
    int Y_CHECK3 -> E
    com.badlogic.gdx.graphics.Texture t_pezziOpposti -> c
    int HEIGHT_MOSSE -> C
    com.badlogic.gdx.graphics.Texture t_turnBack -> a
    int HEIGHT_DIS_ATTIVO -> A
    com.badlogic.gdx.graphics.Texture t_scrPezzi -> g
    com.badlogic.gdx.graphics.Texture t_attivo -> e
    int Y_PEZZI -> y
    int X_PEZZI2 -> w
    int X_PEZZI -> u
    int WIDTH_PEZZI -> s
    int Y_SCR_PEZZI -> q
    int HEIGHT_SCRITTE -> o
    int Y_BACK -> m
    int HEIGHT_TURN_BACK -> k
    int HEIGHT_DIS_ATTIVO2 -> H
    int Y_MOSSE -> F
    int X_MOSSE -> D
    int WIDTH_MOSSE -> B
    com.badlogic.gdx.graphics.Texture t_mosseVisibili -> b
    com.badlogic.gdx.graphics.Texture t_disattivo -> f
    com.badlogic.gdx.graphics.g2d.SpriteBatch batch -> i
    com.badlogic.gdx.graphics.Texture t_pezziUguali -> d
    int WIDTH_DIS_ATTIVO -> z
    int X_CHECK2 -> x
    com.badlogic.gdx.graphics.Texture t_scrMosse -> h
    int X_CHECK -> v
    int HEIGHT_PEZZI -> t
    int Y_SCR_MOSSE -> r
    int X_SCRITTE -> p
    boolean clickBack(float,float) -> a
    void disegna() -> a
    boolean clickMosseVisibili(float,float) -> b
    boolean clickPezziOpposti(float,float) -> c
    boolean clickPezziUguali(float,float) -> d
com.bellone.game.MostraMosseDisponibili -> com.bellone.game.c:
    int pos_pezzo_scacco -> d
    java.util.ArrayList possibiliEnPassant -> e
    int posRe_bianco -> b
    int posRe_nero -> c
    java.util.ArrayList caselle -> a
    void addPossEnPassant(int) -> a
    boolean controllaSeCeScacco(boolean) -> a
    int controlloScaccoAltoDX(int,int,boolean) -> a
    void mettiPezzoInPosizione(int,boolean,com.bellone.game.Casella) -> a
    void mettiPezzoInPosizione(com.bellone.game.Casella,com.bellone.game.Casella) -> a
    void mosse_re(int,boolean,boolean) -> a
    int controlloScaccoAltoSU(int,int,boolean) -> b
    boolean mosse_alfiere(int) -> b
    int controlloScaccoAltoSX(int,int,boolean) -> c
    boolean mosse_cavallo(int) -> c
    int controlloScaccoBassoDX(int,int,boolean) -> d
    boolean mosse_pedone(int) -> d
    int controlloScaccoBassoGIU(int,int,boolean) -> e
    boolean mosse_regina(int) -> e
    int controlloScaccoBassoSX(int,int,boolean) -> f
    boolean mosse_torre(int) -> f
    int[] controlloScaccoCavallo(int,int,boolean) -> g
    boolean possibileEnPassantInPos(int) -> g
    int controlloScaccoDX(int,int,boolean) -> h
    void rimuoviPossEnPassant(int) -> h
    int controlloScaccoSX(int,int,boolean) -> i
    com.bellone.game.Casella getCasellaInPos(int) -> i
    boolean scaccoInPos(int,int,boolean) -> j
...
com.badlogic.gdx.backends.android.AndroidVisibilityListener$1 -> a.a.a.r.a.s$a:
    com.badlogic.gdx.backends.android.AndroidApplicationBase val$application -> a
com.badlogic.gdx.backends.android.AndroidVisibilityListener$1$1 -> a.a.a.r.a.s$a$a:
    com.badlogic.gdx.backends.android.AndroidVisibilityListener$1 this$1 -> a
com.badlogic.gdx.backends.android.AndroidZipFileHandle -> a.a.a.r.a.t:
    java.lang.String path -> g
    long fdLength -> e
    com.badlogic.gdx.backends.android.ZipResourceFile expansionFile -> f
    boolean hasAssetFd -> d
    long length() -> c
    java.io.InputStream read() -> f
    java.lang.String getPath() -> h
    void initialize() -> i
com.badlogic.gdx.backends.android.DefaultAndroidAudio -> a.a.a.r.a.u:
    java.util.List musics -> b
    android.media.SoundPool soundPool -> a
    void dispose() -> a
    void notifyMusicDisposed(com.badlogic.gdx.backends.android.AndroidMusic) -> a
    void resume() -> d
    void pause() -> e
com.badlogic.gdx.backends.android.DefaultAndroidFiles -> a.a.a.r.a.v:
    com.badlogic.gdx.backends.android.ZipResourceFile expansionFile -> d
    android.content.res.AssetManager assets -> c
    java.lang.String externalFilesPath -> a
    java.lang.String localpath -> b
    com.badlogic.gdx.backends.android.ZipResourceFile getExpansionFile() -> a
    com.badlogic.gdx.files.FileHandle getZipFileHandleIfExists(com.badlogic.gdx.files.FileHandle,java.lang.String) -> a
    java.lang.String initExternalFilesPath(android.content.ContextWrapper) -> a
    com.badlogic.gdx.files.FileHandle internal(java.lang.String) -> a
    java.lang.String getLocalStoragePath() -> b
    java.lang.String getExternalStoragePath() -> c
com.badlogic.gdx.backends.android.DefaultAndroidInput -> a.a.a.r.a.w:
    com.badlogic.gdx.backends.android.AndroidTouchHandler touchHandler -> z
    com.badlogic.gdx.Application app -> x
    boolean requestFocus -> P
    com.badlogic.gdx.Input$Orientation nativeOrientation -> I
    boolean[] justPressedButtons -> s
    boolean accelerometerAvailable -> u
    float[] rotationVectorValues -> E
    boolean[] touched -> o
    int sleepTime -> A
    java.util.ArrayList genericMotionListeners -> N
    android.hardware.SensorEventListener accelerometerListener -> J
    java.util.ArrayList keyEvents -> i
    android.hardware.SensorManager manager -> t
    android.hardware.SensorEventListener compassListener -> L
    int[] deltaY -> n
    android.content.Context context -> y
    float[] accelerometerValues -> v
    int[] button -> p
    com.badlogic.gdx.backends.android.AndroidApplicationConfiguration config -> H
    com.badlogic.gdx.utils.Pool usedKeyEvents -> f
    float[] pressure -> r
    int[] touchY -> l
    boolean rotationVectorAvailable -> C
    com.badlogic.gdx.InputProcessor processor -> G
    com.badlogic.gdx.backends.android.AndroidMouseHandler mouseHandler -> O
    float[] magneticFieldValues -> D
    java.util.ArrayList touchEvents -> j
    android.hardware.SensorEventListener gyroscopeListener -> K
    float[] gyroscopeValues -> w
    java.util.ArrayList keyListeners -> h
    android.hardware.SensorEventListener rotationVectorListener -> M
com.badlogic.gdx.backends.android.DefaultAndroidInput$1 -> a.a.a.r.a.w$a:
    com.badlogic.gdx.backends.android.DefaultAndroidInput$KeyEvent newObject() -> a
    java.lang.Object newObject() -> a
com.badlogic.gdx.backends.android.DefaultAndroidInput$2 -> a.a.a.r.a.w$b:
    com.badlogic.gdx.backends.android.DefaultAndroidInput$TouchEvent newObject() -> a
    java.lang.Object newObject() -> a
com.badlogic.gdx.backends.android.DefaultAndroidInput$5 -> a.a.a.r.a.w$c:
    int[] $SwitchMap$com$badlogic$gdx$Input$OnscreenKeyboardType -> a
com.badlogic.gdx.backends.android.DefaultAndroidInput$KeyEvent -> a.a.a.r.a.w$d:
    long timeStamp -> a
    int type -> b
    char keyChar -> d
    int keyCode -> c